<?xml version="1.0" encoding="UTF-8"?>
<testsuite name="org.example.GymSystemTest" tests="9" skipped="0" failures="0" errors="0" timestamp="2025-04-01T19:26:36" hostname="DESKTOP-UI78P3F" time="0.04">
  <properties/>
  <testcase name="updateVisitorTest()" classname="org.example.GymSystemTest" time="0.022"/>
  <testcase name="registerVisitorTest()" classname="org.example.GymSystemTest" time="0.001"/>
  <testcase name="isNotActiveMembershipTest()" classname="org.example.GymSystemTest" time="0.002"/>
  <testcase name="markVisitTest()" classname="org.example.GymSystemTest" time="0.001"/>
  <testcase name="deleteVisitorTest()" classname="org.example.GymSystemTest" time="0.002"/>
  <testcase name="trainerAssignVisitorTest()" classname="org.example.GymSystemTest" time="0.001"/>
  <testcase name="enrollToTrainerTest()" classname="org.example.GymSystemTest" time="0.001"/>
  <testcase name="isActiveMembershipTest()" classname="org.example.GymSystemTest" time="0.001"/>
  <testcase name="markVisitWithoutActiveMembershipTest()" classname="org.example.GymSystemTest" time="0.001"/>
  <system-out><![CDATA[]]></system-out>
  <system-err><![CDATA[]]></system-err>
</testsuite>
