<?xml version="1.0" encoding="UTF-8"?>
<testsuite name="org.example.GymTests" tests="14" skipped="0" failures="0" errors="0" timestamp="2025-04-04T15:21:00" hostname="DESKTOP-UI78P3F" time="0.192">
  <properties/>
  <testcase name="testDeleteVisitor()" classname="org.example.GymTests" time="0.014"/>
  <testcase name="testAssignTrainerToNonExistentVisitor()" classname="org.example.GymTests" time="0.001"/>
  <testcase name="testAssignNonExistentTrainerToVisitor()" classname="org.example.GymTests" time="0.001"/>
  <testcase name="testMarkVisitNonExistentVisitor()" classname="org.example.GymTests" time="0.001"/>
  <testcase name="testRegisterVisitor()" classname="org.example.GymTests" time="0.001"/>
  <testcase name="testDeleteVisitorNotFound()" classname="org.example.GymTests" time="0.001"/>
  <testcase name="testUpdateVisitor()" classname="org.example.GymTests" time="0.002"/>
  <testcase name="testImportVisitorsFromJson()" classname="org.example.GymTests" time="0.131"/>
  <testcase name="testAssignTrainerToVisitor()" classname="org.example.GymTests" time="0.001"/>
  <testcase name="testMarkVisitActiveMembership()" classname="org.example.GymTests" time="0.007"/>
  <testcase name="testExportVisitorsToJson()" classname="org.example.GymTests" time="0.017"/>
  <testcase name="testUpdateVisitorNotFound()" classname="org.example.GymTests" time="0.001"/>
  <testcase name="testMarkVisitExpiredMembership()" classname="org.example.GymTests" time="0.0"/>
  <testcase name="testRegisterVisitorTwice()" classname="org.example.GymTests" time="0.001"/>
  <system-out><![CDATA[]]></system-out>
  <system-err><![CDATA[]]></system-err>
</testsuite>
